<?xml version="1.0" encoding="UTF-8"?>
<!-- Generated by org.testng.reporters.JUnitReportReporter -->
<testsuite skipped="0" hostname="LAPTOP-5U81LJ6A" name="com.actitime.scripts.TaskTest" tests="1" failures="0" timestamp="03 Mar 2019 06:03:24 GMT" time="11.959" errors="0">
  <testcase name="createCustomer" time="11.959" classname="com.actitime.scripts.TaskTest"/>
</testsuite> <!-- com.actitime.scripts.TaskTest -->
